<?xml version="1.0" encoding="UTF-8"?>
<testng-results ignored="0" total="1" passed="1" failed="0" skipped="0">
  <reporter-output>
  </reporter-output>
  <suite started-at="2022-07-18T22:03:47 IST" name="Default suite" finished-at="2022-07-18T22:03:49 IST" duration-ms="1795">
    <groups>
    </groups>
    <test started-at="2022-07-18T22:03:47 IST" name="Default test" finished-at="2022-07-18T22:03:49 IST" duration-ms="1795">
      <class name="musixapp_crud.Read_musix">
        <test-method signature="get_method()[pri:0, instance:musixapp_crud.Read_musix@6973bf95]" started-at="2022-07-18T22:03:47 IST" name="get_method" finished-at="2022-07-18T22:03:49 IST" duration-ms="1759" status="PASS">
          <reporter-output>
          </reporter-output>
        </test-method> <!-- get_method -->
      </class> <!-- musixapp_crud.Read_musix -->
    </test> <!-- Default test -->
  </suite> <!-- Default suite -->
</testng-results>
