<?xml version="1.0" encoding="UTF-8"?>
<!-- Generated by org.testng.reporters.JUnitXMLReporter -->
<testsuite ignored="0" hostname="LAPTOP-7DCLOBJT" failures="0" tests="5" name="Default test" time="5.029" errors="0" timestamp="2022-07-18T01:45:08 IST">
  <testcase classname="musixapp_crud.ReadAll_musix" name="get_all_method" time="2.295"/>
  <testcase classname="musixapp_crud.Read_musix" name="get_method" time="0.05"/>
  <testcase classname="musixapp_crud.Delete_musix" name="delete_method" time="2.47"/>
  <testcase classname="musixapp_crud.Update_musix" name="put_method" time="0.091"/>
  <testcase classname="musixapp_crud.Create_musix" name="post_method" time="0.049"/>
</testsuite> <!-- Default test -->
